2025-03-12 20:17:30 [INFO]: Connected to irc-ws.chat.twitch.tv:443
2025-03-12 20:19:14 [INFO]: !roll 󠀀
2025-03-12 20:19:30 [INFO]: hello
2025-03-12 20:19:47 [ERROR]: Disconnected: Connection closed.
2025-03-12 20:33:23 [INFO]: Connected to irc-ws.chat.twitch.tv:443
2025-03-12 20:36:02 [INFO]: !restart
2025-03-12 20:36:02 [ERROR]: Disconnected: Connection closed.
2025-03-12 20:36:36 [INFO]: Connected to irc-ws.chat.twitch.tv:443
2025-03-12 20:40:05 [ERROR]: Disconnected: Connection closed.
2025-03-12 20:40:17 [INFO]: Connected to irc-ws.chat.twitch.tv:443
2025-03-12 20:43:34 [ERROR]: Disconnected: Connection closed.
2025-03-12 20:43:37 [INFO]: Connected to irc-ws.chat.twitch.tv:443
2025-03-12 20:47:57 [ERROR]: Disconnected: Connection closed.
2025-03-12 20:47:59 [INFO]: Connected to irc-ws.chat.twitch.tv:443
2025-03-12 20:49:00 [INFO]: test
2025-03-12 20:50:13 [INFO]: test 󠀀
2025-03-12 20:50:22 [INFO]: !roll
2025-03-12 20:51:02 [ERROR]: Disconnected: Connection closed.
2025-03-12 20:51:04 [INFO]: Connected to irc-ws.chat.twitch.tv:443
2025-03-12 21:07:18 [ERROR]: Disconnected: Connection closed.
2025-03-12 21:07:21 [INFO]: Connected to irc-ws.chat.twitch.tv:443
2025-03-12 21:07:55 [INFO]: !help
2025-03-12 21:09:07 [ERROR]: Disconnected: Connection closed.
2025-03-12 21:09:11 [INFO]: Connected to irc-ws.chat.twitch.tv:443
2025-03-12 21:11:21 [ERROR]: Disconnected: Connection closed.
2025-03-12 21:11:24 [INFO]: Connected to irc-ws.chat.twitch.tv:443
2025-03-12 21:13:56 [ERROR]: Disconnected: Connection closed.
2025-03-12 21:14:00 [INFO]: Connected to irc-ws.chat.twitch.tv:443
2025-03-12 21:17:17 [ERROR]: Disconnected: Connection closed.
2025-03-12 21:17:38 [INFO]: Connected to irc-ws.chat.twitch.tv:443
2025-03-12 21:20:32 [ERROR]: Disconnected: Connection closed.
2025-03-12 21:20:39 [INFO]: Connected to irc-ws.chat.twitch.tv:443
2025-03-12 21:20:58 [ERROR]: Disconnected: Connection closed.
2025-03-12 21:21:26 [INFO]: Connected to irc-ws.chat.twitch.tv:443
2025-03-12 21:24:00 [ERROR]: Disconnected: Connection closed.
2025-03-12 21:24:04 [INFO]: Connected to irc-ws.chat.twitch.tv:443
2025-03-12 21:24:27 [ERROR]: Disconnected: Connection closed.
2025-03-12 21:24:47 [INFO]: Connected to irc-ws.chat.twitch.tv:443
2025-03-12 21:27:22 [ERROR]: Disconnected: Connection closed.
2025-03-12 21:27:44 [INFO]: Connected to irc-ws.chat.twitch.tv:443
2025-03-12 21:28:53 [ERROR]: Disconnected: Connection closed.
2025-03-12 21:30:38 [INFO]: Connected to irc-ws.chat.twitch.tv:443
2025-03-12 21:57:38 [INFO]: !help 󠀀
2025-03-12 21:57:48 [INFO]: !restart
2025-03-12 21:57:48 [ERROR]: Disconnected: Connection closed.
2025-03-12 21:58:02 [INFO]: Connected to irc-ws.chat.twitch.tv:443
2025-03-12 21:58:07 [INFO]: !help 󠀀
2025-03-12 22:26:08 [INFO]: Connected to irc-ws.chat.twitch.tv:443
2025-03-13 00:02:04 [ERROR]: Disconnected: Connection closed.
2025-03-13 00:02:12 [INFO]: Connected to irc-ws.chat.twitch.tv:443
2025-03-13 00:07:45 [ERROR]: Disconnected: Connection closed.
2025-03-13 00:08:32 [INFO]: Connected to irc-ws.chat.twitch.tv:443
2025-03-13 00:16:18 [INFO]: Connected to irc-ws.chat.twitch.tv:443
2025-03-13 00:19:02 [ERROR]: Disconnected: Connection closed.
2025-03-13 00:19:06 [INFO]: Connected to irc-ws.chat.twitch.tv:443
2025-03-13 00:36:07 [ERROR]: Disconnected: Connection closed.
2025-03-13 00:36:11 [INFO]: Connected to irc-ws.chat.twitch.tv:443
2025-03-13 01:17:29 [ERROR]: Disconnected: Connection closed.
2025-03-13 01:18:34 [INFO]: Connected to irc-ws.chat.twitch.tv:443
2025-03-13 01:23:47 [ERROR]: Disconnected: Connection closed.
2025-03-13 01:24:06 [INFO]: Connected to irc-ws.chat.twitch.tv:443
2025-03-13 01:38:47 [ERROR]: Disconnected: Connection closed.
2025-03-13 01:38:51 [INFO]: Connected to irc-ws.chat.twitch.tv:443
2025-03-13 01:42:06 [ERROR]: Disconnected: Connection closed.
2025-03-13 01:43:26 [INFO]: Connected to irc-ws.chat.twitch.tv:443
2025-03-13 01:51:53 [ERROR]: Disconnected: Connection closed.
2025-03-13 01:52:29 [INFO]: Connected to irc-ws.chat.twitch.tv:443
2025-03-13 01:55:21 [ERROR]: Disconnected: Connection closed.
2025-03-13 01:55:36 [INFO]: Connected to irc-ws.chat.twitch.tv:443
2025-03-13 01:56:10 [INFO]: @max2d2 You can find a list of all Commands here https://StreamElements.com/maxthriller/commands
2025-03-13 01:56:10 [INFO]: You can find a list of all commands here https://botrix.live/p/maxthriller/commands
2025-03-13 01:57:58 [ERROR]: Disconnected: Connection closed.
2025-03-13 01:58:02 [INFO]: Connected to irc-ws.chat.twitch.tv:443
2025-03-13 01:59:21 [INFO]: !hello
2025-03-13 01:59:24 [INFO]: !help
2025-03-13 01:59:29 [INFO]: !roll
2025-03-13 02:02:11 [ERROR]: Disconnected: Connection closed.
2025-03-13 02:02:41 [INFO]: Connected to irc-ws.chat.twitch.tv:443
2025-03-13 02:03:07 [ERROR]: Disconnected: Connection closed.
2025-03-13 02:04:25 [INFO]: Connected to irc-ws.chat.twitch.tv:443
2025-03-13 02:05:23 [INFO]: !hello
2025-03-13 02:08:09 [ERROR]: Disconnected: Connection closed.
2025-03-13 02:08:13 [INFO]: Connected to irc-ws.chat.twitch.tv:443
2025-03-13 02:08:51 [INFO]: !help
2025-03-13 02:08:54 [INFO]: !hello
2025-03-13 02:08:56 [INFO]: !roll
2025-03-13 02:09:07 [INFO]: !roll list
2025-03-13 02:11:02 [ERROR]: Disconnected: Connection closed.
2025-03-13 02:12:56 [INFO]: Connected to irc-ws.chat.twitch.tv:443
2025-03-13 02:16:00 [ERROR]: Disconnected: Connection closed.
2025-03-13 02:16:05 [INFO]: Connected to irc-ws.chat.twitch.tv:443
2025-03-13 02:16:16 [ERROR]: Disconnected: Connection closed.
2025-03-13 02:16:33 [INFO]: Connected to irc-ws.chat.twitch.tv:443
2025-03-13 02:17:03 [INFO]: yooooo
2025-03-13 02:32:53 [INFO]: heyyyyyyyyyy
2025-03-13 02:41:57 [ERROR]: Disconnected: Connection closed.
2025-03-13 02:42:01 [INFO]: Connected to irc-ws.chat.twitch.tv:443
2025-03-13 02:42:45 [ERROR]: Disconnected: Connection closed.
2025-03-13 02:42:48 [INFO]: Connected to irc-ws.chat.twitch.tv:443
2025-03-13 02:46:08 [ERROR]: Disconnected: Connection closed.
2025-03-13 02:46:32 [INFO]: Connected to irc-ws.chat.twitch.tv:443
2025-03-13 02:53:12 [INFO]: !restart
2025-03-13 02:53:12 [ERROR]: Disconnected: Connection closed.
2025-03-13 02:56:28 [INFO]: Connected to irc-ws.chat.twitch.tv:443
2025-03-13 02:57:15 [INFO]: !help 󠀀
2025-03-13 02:57:18 [INFO]: !restart
2025-03-13 02:57:18 [ERROR]: Disconnected: Connection closed.
2025-03-13 02:59:44 [INFO]: Connected to irc-ws.chat.twitch.tv:443
2025-03-13 03:00:58 [ERROR]: Disconnected: Connection closed.
2025-03-13 03:01:04 [INFO]: Connected to irc-ws.chat.twitch.tv:443
2025-03-13 03:01:47 [INFO]: !restart
2025-03-13 03:01:47 [ERROR]: Disconnected: Connection closed.
2025-03-13 03:03:46 [INFO]: Connected to irc-ws.chat.twitch.tv:443
2025-03-13 03:03:52 [INFO]: !restart
2025-03-13 03:03:52 [ERROR]: Disconnected: Connection closed.
2025-03-13 03:03:55 [INFO]: Connected to irc-ws.chat.twitch.tv:443
2025-03-13 03:04:00 [INFO]: !help
2025-03-13 03:04:05 [INFO]: !roll
2025-03-13 03:06:37 [INFO]: Connected to irc-ws.chat.twitch.tv:443
2025-03-13 03:16:30 [ERROR]: Disconnected: Connection closed.
2025-03-13 03:16:43 [INFO]: Connected to irc-ws.chat.twitch.tv:443
2025-03-13 03:16:54 [ERROR]: Disconnected: Connection closed.
2025-03-13 03:16:57 [INFO]: Connected to irc-ws.chat.twitch.tv:443
2025-03-13 03:17:10 [INFO]: !help
2025-03-13 03:17:16 [ERROR]: Disconnected: Connection closed.
2025-03-13 03:20:19 [INFO]: Connected to irc-ws.chat.twitch.tv:443
2025-03-13 03:20:29 [ERROR]: Disconnected: Connection closed.
2025-03-13 03:29:10 [INFO]: Connected to irc-ws.chat.twitch.tv:443
2025-03-13 03:30:07 [ERROR]: Disconnected: Connection closed.
2025-03-13 03:30:16 [INFO]: Connected to irc-ws.chat.twitch.tv:443
2025-03-13 11:21:47 [ERROR]: Disconnected: 
2025-03-13 11:22:05 [INFO]: Connected to irc-ws.chat.twitch.tv:443
2025-03-13 11:57:14 [INFO]: Connected to irc-ws.chat.twitch.tv:443
2025-03-13 11:58:50 [ERROR]: Disconnected: Connection closed.
2025-03-13 11:58:53 [INFO]: Connected to irc-ws.chat.twitch.tv:443
2025-03-13 12:01:55 [INFO]: !hello
2025-03-13 12:01:58 [INFO]: !roll
2025-03-13 12:02:00 [INFO]: !help
2025-03-13 12:02:12 [INFO]: !restart
2025-03-13 12:02:12 [ERROR]: Disconnected: Connection closed.
2025-03-13 12:02:15 [INFO]: Connected to irc-ws.chat.twitch.tv:443
2025-03-13 12:08:22 [ERROR]: Disconnected: Connection closed.
2025-03-13 12:08:25 [INFO]: Connected to irc-ws.chat.twitch.tv:443
2025-03-13 12:09:30 [INFO]: Connected to irc-ws.chat.twitch.tv:443
2025-03-13 12:09:36 [INFO]: !restart 󠀀
2025-03-13 12:09:36 [ERROR]: Disconnected: Connection closed.
2025-03-13 12:09:39 [INFO]: Connected to irc-ws.chat.twitch.tv:443
2025-03-13 12:10:16 [ERROR]: Disconnected: Connection closed.
2025-03-13 12:10:19 [INFO]: Connected to irc-ws.chat.twitch.tv:443
2025-03-13 12:10:29 [ERROR]: Disconnected: Connection closed.
2025-03-13 12:10:38 [INFO]: Connected to irc-ws.chat.twitch.tv:443
2025-03-13 12:10:43 [ERROR]: Disconnected: Connection closed.
2025-03-13 12:10:46 [INFO]: Connected to irc-ws.chat.twitch.tv:443
2025-03-13 12:11:01 [ERROR]: Disconnected: Connection closed.
2025-03-13 12:11:04 [INFO]: Connected to irc-ws.chat.twitch.tv:443
2025-03-13 12:11:18 [ERROR]: Disconnected: Connection closed.
2025-03-13 12:11:20 [INFO]: Connected to irc-ws.chat.twitch.tv:443
2025-03-13 12:11:38 [ERROR]: Disconnected: Connection closed.
2025-03-13 12:11:45 [INFO]: Connected to irc-ws.chat.twitch.tv:443
2025-03-13 12:18:51 [ERROR]: Disconnected: Connection closed.
2025-03-13 12:18:54 [INFO]: Connected to irc-ws.chat.twitch.tv:443
2025-03-13 12:19:06 [INFO]: !so @maxthriller
2025-03-13 12:19:06 [INFO]: Go follow @maxthriller's channel -> https://twitch.tv/maxthriller
2025-03-13 12:19:33 [INFO]: !so maxthriller
2025-03-13 12:19:33 [INFO]: Go follow maxthriller's channel -> https://twitch.tv/maxthriller
2025-03-13 12:21:55 [INFO]: ! so
2025-03-13 12:21:58 [INFO]: !so
2025-03-13 12:22:03 [INFO]: !so maxthriller
2025-03-13 12:22:59 [ERROR]: Disconnected: Connection closed.
2025-03-13 12:23:02 [INFO]: Connected to irc-ws.chat.twitch.tv:443
2025-03-13 12:23:06 [INFO]: !so maxthriller 󠀀
2025-03-13 12:23:18 [ERROR]: Disconnected: Connection closed.
2025-03-13 12:23:30 [INFO]: Connected to irc-ws.chat.twitch.tv:443
2025-03-13 12:23:38 [INFO]: !so maxthriller 󠀀
2025-03-13 12:25:45 [ERROR]: Disconnected: Connection closed.
2025-03-13 12:25:48 [INFO]: Connected to irc-ws.chat.twitch.tv:443
2025-03-13 12:25:50 [INFO]: !so maxthriller
2025-03-13 12:26:07 [INFO]: !shoutout maxthriller
2025-03-13 12:26:20 [INFO]: !so @maxthriller
2025-03-13 12:26:34 [INFO]: !shoutout @maxthriller
2025-03-13 12:26:58 [INFO]: !help
2025-03-13 12:27:08 [INFO]: !hello
2025-03-13 12:27:36 [INFO]: !hello 󠀀
2025-03-13 12:27:45 [INFO]: !help
2025-03-13 12:29:48 [ERROR]: Disconnected: Connection closed.
2025-03-13 12:29:51 [INFO]: Connected to irc-ws.chat.twitch.tv:443
2025-03-13 12:29:54 [INFO]: !help 󠀀
2025-03-13 12:29:58 [INFO]: !help
2025-03-13 12:30:21 [INFO]: Connected to irc-ws.chat.twitch.tv:443
2025-03-13 12:30:25 [INFO]: !help 󠀀
2025-03-13 12:30:33 [INFO]: !hello
2025-03-13 12:30:38 [INFO]: !so @maxthriller
2025-03-13 12:33:26 [ERROR]: Disconnected: Connection closed.
2025-03-13 12:33:29 [INFO]: Connected to irc-ws.chat.twitch.tv:443
2025-03-13 12:33:43 [INFO]: !help
2025-03-13 12:33:47 [INFO]: !hello
2025-03-13 12:33:52 [INFO]: !help roll
2025-03-13 12:34:45 [INFO]: !test
2025-03-13 12:34:51 [INFO]: !roll
2025-03-13 12:38:55 [ERROR]: Disconnected: Connection closed.
2025-03-13 12:38:58 [INFO]: Connected to irc-ws.chat.twitch.tv:443
2025-03-13 12:39:01 [INFO]: !roll
2025-03-13 12:39:03 [INFO]: !dice
2025-03-13 12:39:08 [INFO]: !help roll
2025-03-13 12:39:14 [INFO]: !help dice
2025-03-13 12:40:43 [ERROR]: Disconnected: Connection closed.
2025-03-13 12:40:46 [INFO]: Connected to irc-ws.chat.twitch.tv:443
2025-03-13 12:40:51 [INFO]: !help
2025-03-13 12:41:01 [INFO]: !help roll
2025-03-13 12:41:05 [INFO]: !help dice
2025-03-13 12:41:23 [INFO]: !help hello
2025-03-13 12:41:28 [INFO]: !help hso
2025-03-13 12:41:39 [INFO]: !help so
2025-03-13 12:41:49 [INFO]: !help help
2025-03-13 12:42:03 [INFO]: !cmds dice
2025-03-13 12:42:04 [INFO]: @maxthriller You can find a list of all Commands here https://StreamElements.com/maxthriller/commands
2025-03-13 12:42:33 [ERROR]: Disconnected: Connection closed.
2025-03-13 12:42:41 [INFO]: Connected to irc-ws.chat.twitch.tv:443
2025-03-13 12:42:45 [ERROR]: Disconnected: Connection closed.
