2025-03-12 20:19:47 [ERROR]: Disconnected: Connection closed.
2025-03-12 20:36:02 [ERROR]: Disconnected: Connection closed.
2025-03-12 20:40:05 [ERROR]: Disconnected: Connection closed.
2025-03-12 20:43:34 [ERROR]: Disconnected: Connection closed.
2025-03-12 20:47:57 [ERROR]: Disconnected: Connection closed.
2025-03-12 20:51:02 [ERROR]: Disconnected: Connection closed.
2025-03-12 21:07:18 [ERROR]: Disconnected: Connection closed.
2025-03-12 21:09:07 [ERROR]: Disconnected: Connection closed.
2025-03-12 21:11:21 [ERROR]: Disconnected: Connection closed.
2025-03-12 21:13:56 [ERROR]: Disconnected: Connection closed.
2025-03-12 21:17:17 [ERROR]: Disconnected: Connection closed.
2025-03-12 21:20:32 [ERROR]: Disconnected: Connection closed.
2025-03-12 21:20:58 [ERROR]: Disconnected: Connection closed.
2025-03-12 21:24:00 [ERROR]: Disconnected: Connection closed.
2025-03-12 21:24:27 [ERROR]: Disconnected: Connection closed.
2025-03-12 21:27:22 [ERROR]: Disconnected: Connection closed.
2025-03-12 21:28:53 [ERROR]: Disconnected: Connection closed.
2025-03-12 21:57:48 [ERROR]: Disconnected: Connection closed.
2025-03-13 00:02:04 [ERROR]: Disconnected: Connection closed.
2025-03-13 00:07:45 [ERROR]: Disconnected: Connection closed.
2025-03-13 00:19:02 [ERROR]: Disconnected: Connection closed.
2025-03-13 00:36:07 [ERROR]: Disconnected: Connection closed.
2025-03-13 01:17:29 [ERROR]: Disconnected: Connection closed.
2025-03-13 01:23:47 [ERROR]: Disconnected: Connection closed.
2025-03-13 01:38:47 [ERROR]: Disconnected: Connection closed.
2025-03-13 01:42:06 [ERROR]: Disconnected: Connection closed.
2025-03-13 01:51:53 [ERROR]: Disconnected: Connection closed.
2025-03-13 01:55:21 [ERROR]: Disconnected: Connection closed.
2025-03-13 01:57:58 [ERROR]: Disconnected: Connection closed.
2025-03-13 02:02:11 [ERROR]: Disconnected: Connection closed.
2025-03-13 02:03:07 [ERROR]: Disconnected: Connection closed.
2025-03-13 02:08:09 [ERROR]: Disconnected: Connection closed.
2025-03-13 02:11:02 [ERROR]: Disconnected: Connection closed.
2025-03-13 02:16:00 [ERROR]: Disconnected: Connection closed.
2025-03-13 02:16:16 [ERROR]: Disconnected: Connection closed.
2025-03-13 02:41:57 [ERROR]: Disconnected: Connection closed.
2025-03-13 02:42:45 [ERROR]: Disconnected: Connection closed.
2025-03-13 02:46:08 [ERROR]: Disconnected: Connection closed.
2025-03-13 02:53:12 [ERROR]: Disconnected: Connection closed.
2025-03-13 02:57:18 [ERROR]: Disconnected: Connection closed.
2025-03-13 03:00:58 [ERROR]: Disconnected: Connection closed.
2025-03-13 03:01:47 [ERROR]: Disconnected: Connection closed.
2025-03-13 03:03:52 [ERROR]: Disconnected: Connection closed.
2025-03-13 03:16:30 [ERROR]: Disconnected: Connection closed.
2025-03-13 03:16:54 [ERROR]: Disconnected: Connection closed.
2025-03-13 03:17:16 [ERROR]: Disconnected: Connection closed.
2025-03-13 03:20:29 [ERROR]: Disconnected: Connection closed.
2025-03-13 03:30:07 [ERROR]: Disconnected: Connection closed.
2025-03-13 11:21:47 [ERROR]: Disconnected: 
2025-03-13 11:58:50 [ERROR]: Disconnected: Connection closed.
2025-03-13 12:02:12 [ERROR]: Disconnected: Connection closed.
2025-03-13 12:08:22 [ERROR]: Disconnected: Connection closed.
2025-03-13 12:09:36 [ERROR]: Disconnected: Connection closed.
2025-03-13 12:10:16 [ERROR]: Disconnected: Connection closed.
2025-03-13 12:10:29 [ERROR]: Disconnected: Connection closed.
2025-03-13 12:10:43 [ERROR]: Disconnected: Connection closed.
2025-03-13 12:11:01 [ERROR]: Disconnected: Connection closed.
2025-03-13 12:11:18 [ERROR]: Disconnected: Connection closed.
2025-03-13 12:11:38 [ERROR]: Disconnected: Connection closed.
2025-03-13 12:18:51 [ERROR]: Disconnected: Connection closed.
2025-03-13 12:22:59 [ERROR]: Disconnected: Connection closed.
2025-03-13 12:23:18 [ERROR]: Disconnected: Connection closed.
2025-03-13 12:25:45 [ERROR]: Disconnected: Connection closed.
2025-03-13 12:29:48 [ERROR]: Disconnected: Connection closed.
2025-03-13 12:33:26 [ERROR]: Disconnected: Connection closed.
2025-03-13 12:38:55 [ERROR]: Disconnected: Connection closed.
2025-03-13 12:40:43 [ERROR]: Disconnected: Connection closed.
2025-03-13 12:42:33 [ERROR]: Disconnected: Connection closed.
2025-03-13 12:42:45 [ERROR]: Disconnected: Connection closed.
2025-03-13 13:12:28 [ERROR]: Disconnected: Connection closed.
2025-03-13 14:01:29 [ERROR]: Disconnected: Connection closed.
2025-03-13 14:14:10 [ERROR]: Disconnected: Connection closed.
2025-03-13 20:09:50 [ERROR]: Disconnected: Connection closed.
2025-03-13 20:18:51 [ERROR]: Disconnected: Connection closed.
2025-03-13 20:40:58 [ERROR]: Disconnected: Connection closed.
2025-03-13 20:41:03 [ERROR]: Disconnected from Twitch: Connection closed.
2025-03-13 22:01:47 [ERROR]: Disconnected from Twitch: Connection closed.
2025-03-13 22:03:32 [ERROR]: Disconnected from Twitch: Connection closed.
2025-03-13 22:04:32 [ERROR]: Disconnected from Twitch: Connection closed.
2025-03-13 22:05:32 [ERROR]: Disconnected from Twitch: Connection closed.
2025-03-13 22:06:32 [ERROR]: Disconnected from Twitch: Connection closed.
2025-03-13 22:07:32 [ERROR]: Disconnected from Twitch: Connection closed.
2025-03-13 22:08:20 [ERROR]: Disconnected from Twitch: Connection closed.
2025-03-13 22:09:25 [ERROR]: Disconnected from Twitch: Connection closed.
2025-03-13 22:09:29 [ERROR]: Disconnected from Twitch: Connection closed.
2025-03-13 22:10:33 [ERROR]: Disconnected from Twitch: Connection closed.
2025-03-13 22:11:33 [ERROR]: Disconnected from Twitch: Connection closed.
2025-03-13 22:12:33 [ERROR]: Disconnected from Twitch: Connection closed.
2025-03-13 22:13:33 [ERROR]: Disconnected from Twitch: Connection closed.
2025-03-13 22:20:38 [ERROR]: Disconnected from Twitch: Connection closed.
2025-03-13 22:21:38 [ERROR]: Disconnected from Twitch: Connection closed.
2025-03-13 22:22:38 [ERROR]: Disconnected from Twitch: Connection closed.
2025-03-13 22:23:38 [ERROR]: Disconnected from Twitch: Connection closed.
2025-03-13 22:24:38 [ERROR]: Disconnected from Twitch: Connection closed.
2025-03-13 22:25:38 [ERROR]: Disconnected from Twitch: Connection closed.
2025-03-13 22:26:38 [ERROR]: Disconnected from Twitch: Connection closed.
2025-03-13 22:27:38 [ERROR]: Disconnected from Twitch: Connection closed.
2025-03-13 22:28:38 [ERROR]: Disconnected from Twitch: Connection closed.
2025-03-13 22:29:38 [ERROR]: Disconnected from Twitch: Connection closed.
2025-03-13 22:30:38 [ERROR]: Disconnected from Twitch: Connection closed.
2025-03-13 22:31:38 [ERROR]: Disconnected from Twitch: Connection closed.
2025-03-13 22:32:38 [ERROR]: Disconnected from Twitch: Connection closed.
2025-03-13 22:33:38 [ERROR]: Disconnected from Twitch: Connection closed.
2025-03-13 22:34:38 [ERROR]: Disconnected from Twitch: Connection closed.
2025-03-13 22:35:38 [ERROR]: Disconnected from Twitch: Connection closed.
2025-03-13 22:36:38 [ERROR]: Disconnected from Twitch: Connection closed.
2025-03-13 22:37:38 [ERROR]: Disconnected from Twitch: Connection closed.
2025-03-13 22:37:50 [ERROR]: Disconnected from Twitch: Connection closed.
2025-03-13 22:38:28 [ERROR]: Disconnected from Twitch: Connection closed.
2025-03-13 22:38:28 [ERROR]: Disconnected from Twitch: Connection closed.
2025-03-13 22:39:43 [ERROR]: Disconnected from Twitch: Connection closed.
2025-03-13 22:39:43 [ERROR]: Disconnected from Twitch: Connection closed.
2025-03-13 22:40:43 [ERROR]: Disconnected from Twitch: Connection closed.
2025-03-13 22:40:43 [ERROR]: Disconnected from Twitch: Connection closed.
2025-03-13 22:41:43 [ERROR]: Disconnected from Twitch: Connection closed.
2025-03-13 22:41:43 [ERROR]: Disconnected from Twitch: Connection closed.
2025-03-13 22:42:43 [ERROR]: Disconnected from Twitch: Connection closed.
2025-03-13 22:42:43 [ERROR]: Disconnected from Twitch: Connection closed.
2025-03-13 22:43:43 [ERROR]: Disconnected from Twitch: Connection closed.
2025-03-13 22:43:43 [ERROR]: Disconnected from Twitch: Connection closed.
2025-03-13 22:44:43 [ERROR]: Disconnected from Twitch: Connection closed.
2025-03-13 22:44:43 [ERROR]: Disconnected from Twitch: Connection closed.
2025-03-13 22:45:43 [ERROR]: Disconnected from Twitch: Connection closed.
2025-03-13 22:45:43 [ERROR]: Disconnected from Twitch: Connection closed.
2025-03-13 22:46:43 [ERROR]: Disconnected from Twitch: Connection closed.
2025-03-13 22:46:43 [ERROR]: Disconnected from Twitch: Connection closed.
2025-03-13 22:46:48 [ERROR]: Disconnected from Twitch: Connection closed.
2025-03-13 22:46:48 [ERROR]: Disconnected from Twitch: Connection closed.
2025-03-13 22:47:56 [ERROR]: Disconnected from Twitch: Connection closed.
2025-03-13 22:47:56 [ERROR]: Disconnected from Twitch: Connection closed.
2025-03-13 22:48:56 [ERROR]: Disconnected from Twitch: Connection closed.
2025-03-13 22:48:56 [ERROR]: Disconnected from Twitch: Connection closed.
2025-03-13 22:49:56 [ERROR]: Disconnected from Twitch: Connection closed.
2025-03-13 22:49:56 [ERROR]: Disconnected from Twitch: Connection closed.
2025-03-13 22:50:56 [ERROR]: Disconnected from Twitch: Connection closed.
2025-03-13 22:50:56 [ERROR]: Disconnected from Twitch: Connection closed.
2025-03-13 22:51:43 [ERROR]: Disconnected from Twitch: Connection closed.
2025-03-13 22:51:43 [ERROR]: Disconnected from Twitch: Connection closed.
2025-03-13 22:53:43 [ERROR]: Disconnected from Twitch: Connection closed.
2025-03-13 22:53:43 [ERROR]: Disconnected from Twitch: Connection closed.
2025-03-13 22:54:43 [ERROR]: Disconnected from Twitch: Connection closed.
2025-03-13 22:54:43 [ERROR]: Disconnected from Twitch: Connection closed.
2025-03-13 22:55:43 [ERROR]: Disconnected from Twitch: Connection closed.
2025-03-13 22:55:43 [ERROR]: Disconnected from Twitch: Connection closed.
2025-03-13 22:56:43 [ERROR]: Disconnected from Twitch: Connection closed.
2025-03-13 22:56:43 [ERROR]: Disconnected from Twitch: Connection closed.
2025-03-13 22:57:43 [ERROR]: Disconnected from Twitch: Connection closed.
2025-03-13 22:57:43 [ERROR]: Disconnected from Twitch: Connection closed.
2025-03-13 22:58:44 [ERROR]: Disconnected from Twitch: Connection closed.
2025-03-13 22:58:44 [ERROR]: Disconnected from Twitch: Connection closed.
2025-03-13 22:59:44 [ERROR]: Disconnected from Twitch: Connection closed.
2025-03-13 22:59:44 [ERROR]: Disconnected from Twitch: Connection closed.
2025-03-13 23:00:44 [ERROR]: Disconnected from Twitch: Connection closed.
2025-03-13 23:00:44 [ERROR]: Disconnected from Twitch: Connection closed.
2025-03-13 23:01:44 [ERROR]: Disconnected from Twitch: Connection closed.
2025-03-13 23:01:44 [ERROR]: Disconnected from Twitch: Connection closed.
2025-03-13 23:02:44 [ERROR]: Disconnected from Twitch: Connection closed.
2025-03-13 23:02:44 [ERROR]: Disconnected from Twitch: Connection closed.
2025-03-13 23:03:44 [ERROR]: Disconnected from Twitch: Connection closed.
2025-03-13 23:03:44 [ERROR]: Disconnected from Twitch: Connection closed.
2025-03-13 23:04:44 [ERROR]: Disconnected from Twitch: Connection closed.
2025-03-13 23:04:44 [ERROR]: Disconnected from Twitch: Connection closed.
2025-03-13 23:05:44 [ERROR]: Disconnected from Twitch: Connection closed.
2025-03-13 23:05:44 [ERROR]: Disconnected from Twitch: Connection closed.
2025-03-13 23:06:44 [ERROR]: Disconnected from Twitch: Connection closed.
2025-03-13 23:06:44 [ERROR]: Disconnected from Twitch: Connection closed.
2025-03-13 23:07:44 [ERROR]: Disconnected from Twitch: Connection closed.
2025-03-13 23:07:44 [ERROR]: Disconnected from Twitch: Connection closed.
2025-03-13 23:08:44 [ERROR]: Disconnected from Twitch: Connection closed.
2025-03-13 23:08:44 [ERROR]: Disconnected from Twitch: Connection closed.
2025-03-13 23:09:44 [ERROR]: Disconnected from Twitch: Connection closed.
2025-03-13 23:09:44 [ERROR]: Disconnected from Twitch: Connection closed.
2025-03-13 23:10:44 [ERROR]: Disconnected from Twitch: Connection closed.
2025-03-13 23:10:44 [ERROR]: Disconnected from Twitch: Connection closed.
2025-03-13 23:11:04 [ERROR]: Disconnected from Twitch: Connection closed.
2025-03-13 23:11:04 [ERROR]: Disconnected from Twitch: Connection closed.
2025-03-13 23:12:27 [ERROR]: Disconnected from Twitch: Connection closed.
2025-03-13 23:12:27 [ERROR]: Disconnected from Twitch: Connection closed.
2025-03-13 23:13:27 [ERROR]: Disconnected from Twitch: Connection closed.
2025-03-13 23:13:27 [ERROR]: Disconnected from Twitch: Connection closed.
2025-03-13 23:14:27 [ERROR]: Disconnected from Twitch: Connection closed.
2025-03-13 23:14:27 [ERROR]: Disconnected from Twitch: Connection closed.
2025-03-13 23:15:27 [ERROR]: Disconnected from Twitch: Connection closed.
2025-03-13 23:15:27 [ERROR]: Disconnected from Twitch: Connection closed.
2025-03-13 23:16:27 [ERROR]: Disconnected from Twitch: Connection closed.
2025-03-13 23:16:27 [ERROR]: Disconnected from Twitch: Connection closed.
2025-03-13 23:17:27 [ERROR]: Disconnected from Twitch: Connection closed.
2025-03-13 23:17:27 [ERROR]: Disconnected from Twitch: Connection closed.
2025-03-13 23:17:43 [ERROR]: Disconnected from Twitch: Connection closed.
2025-03-13 23:17:43 [ERROR]: Disconnected from Twitch: Connection closed.
2025-03-13 23:18:51 [ERROR]: Disconnected from Twitch: Connection closed.
2025-03-13 23:18:51 [ERROR]: Disconnected from Twitch: Connection closed.
2025-03-13 23:19:51 [ERROR]: Disconnected from Twitch: Connection closed.
2025-03-13 23:19:51 [ERROR]: Disconnected from Twitch: Connection closed.
2025-03-13 23:20:23 [ERROR]: Disconnected from Twitch: Connection closed.
2025-03-13 23:20:23 [ERROR]: Disconnected from Twitch: Connection closed.
2025-03-13 23:20:51 [ERROR]: Disconnected from Twitch: Connection closed.
2025-03-13 23:20:51 [ERROR]: Disconnected from Twitch: Connection closed.
2025-03-13 23:21:23 [ERROR]: Disconnected from Twitch: Connection closed.
2025-03-13 23:21:23 [ERROR]: Disconnected from Twitch: Connection closed.
2025-03-13 23:21:51 [ERROR]: Disconnected from Twitch: Connection closed.
2025-03-13 23:21:51 [ERROR]: Disconnected from Twitch: Connection closed.
2025-03-13 23:22:22 [ERROR]: Disconnected from Twitch: Connection closed.
2025-03-13 23:22:22 [ERROR]: Disconnected from Twitch: Connection closed.
2025-03-13 23:22:51 [ERROR]: Disconnected from Twitch: Connection closed.
2025-03-13 23:22:51 [ERROR]: Disconnected from Twitch: Connection closed.
2025-03-13 23:23:22 [ERROR]: Disconnected from Twitch: Connection closed.
2025-03-13 23:23:22 [ERROR]: Disconnected from Twitch: Connection closed.
2025-03-13 23:23:51 [ERROR]: Disconnected from Twitch: Connection closed.
2025-03-13 23:23:51 [ERROR]: Disconnected from Twitch: Connection closed.
2025-03-13 23:24:22 [ERROR]: Disconnected from Twitch: Connection closed.
2025-03-13 23:24:22 [ERROR]: Disconnected from Twitch: Connection closed.
2025-03-13 23:24:50 [ERROR]: Disconnected from Twitch: Connection closed.
2025-03-13 23:24:50 [ERROR]: Disconnected from Twitch: Connection closed.
2025-03-13 23:25:21 [ERROR]: Disconnected from Twitch: Connection closed.
2025-03-13 23:25:21 [ERROR]: Disconnected from Twitch: Connection closed.
2025-03-13 23:26:24 [ERROR]: Disconnected from Twitch: Connection closed.
2025-03-13 23:26:24 [ERROR]: Disconnected from Twitch: Connection closed.
2025-03-13 23:27:24 [ERROR]: Disconnected from Twitch: Connection closed.
2025-03-13 23:27:24 [ERROR]: Disconnected from Twitch: Connection closed.
2025-03-13 23:27:56 [ERROR]: Disconnected from Twitch: Connection closed.
2025-03-13 23:27:56 [ERROR]: Disconnected from Twitch: Connection closed.
2025-03-13 23:28:09 [ERROR]: Disconnected from Twitch: Connection closed.
2025-03-13 23:28:09 [ERROR]: Disconnected from Twitch: Connection closed.
2025-03-13 23:29:29 [ERROR]: Disconnected from Twitch: Connection closed.
2025-03-13 23:29:29 [ERROR]: Disconnected from Twitch: Connection closed.
2025-03-13 23:30:00 [ERROR]: Disconnected from Twitch: Connection closed.
2025-03-13 23:30:00 [ERROR]: Disconnected from Twitch: Connection closed.
2025-03-13 23:30:29 [ERROR]: Disconnected from Twitch: Connection closed.
2025-03-13 23:30:29 [ERROR]: Disconnected from Twitch: Connection closed.
2025-03-13 23:31:00 [ERROR]: Disconnected from Twitch: Connection closed.
2025-03-13 23:31:00 [ERROR]: Disconnected from Twitch: Connection closed.
2025-03-13 23:31:29 [ERROR]: Disconnected from Twitch: Connection closed.
2025-03-13 23:31:29 [ERROR]: Disconnected from Twitch: Connection closed.
2025-03-13 23:32:00 [ERROR]: Disconnected from Twitch: Connection closed.
2025-03-13 23:32:00 [ERROR]: Disconnected from Twitch: Connection closed.
2025-03-13 23:32:01 [ERROR]: Disconnected from Twitch: Unable to connect.
2025-03-13 23:32:01 [ERROR]: Disconnected from Twitch: Unable to connect.
2025-03-13 23:32:01 [ERROR]: Disconnected from Twitch: Connection closed.
2025-03-13 23:32:01 [ERROR]: Disconnected from Twitch: Connection closed.
2025-03-13 23:32:29 [ERROR]: Disconnected from Twitch: Connection closed.
2025-03-13 23:32:29 [ERROR]: Disconnected from Twitch: Connection closed.
2025-03-13 23:33:00 [ERROR]: Disconnected from Twitch: Connection closed.
2025-03-13 23:33:00 [ERROR]: Disconnected from Twitch: Connection closed.
2025-03-13 23:33:01 [ERROR]: Disconnected from Twitch: Unable to connect.
2025-03-13 23:33:01 [ERROR]: Disconnected from Twitch: Unable to connect.
2025-03-13 23:33:01 [ERROR]: Disconnected from Twitch: Connection closed.
2025-03-13 23:33:01 [ERROR]: Disconnected from Twitch: Connection closed.
2025-03-13 23:33:10 [ERROR]: Disconnected from Twitch: Connection closed.
2025-03-13 23:33:10 [ERROR]: Disconnected from Twitch: Connection closed.
2025-03-13 23:34:20 [ERROR]: Disconnected from Twitch: Connection closed.
2025-03-13 23:34:20 [ERROR]: Disconnected from Twitch: Connection closed.
2025-03-13 23:34:51 [ERROR]: Disconnected from Twitch: Connection closed.
2025-03-13 23:34:51 [ERROR]: Disconnected from Twitch: Connection closed.
2025-03-13 23:35:24 [ERROR]: Disconnected from Twitch: Connection closed.
2025-03-13 23:35:24 [ERROR]: Disconnected from Twitch: Connection closed.
2025-03-13 23:37:24 [ERROR]: Disconnected from Twitch: Connection closed.
2025-03-13 23:37:24 [ERROR]: Disconnected from Twitch: Connection closed.
2025-03-13 23:38:39 [ERROR]: Disconnected from Twitch: Connection closed.
2025-03-13 23:38:39 [ERROR]: Disconnected from Twitch: Connection closed.
2025-03-13 23:39:39 [ERROR]: Disconnected from Twitch: Connection closed.
2025-03-13 23:39:39 [ERROR]: Disconnected from Twitch: Connection closed.
2025-03-13 23:40:10 [ERROR]: Disconnected from Twitch: Connection closed.
2025-03-13 23:40:10 [ERROR]: Disconnected from Twitch: Connection closed.
2025-03-13 23:41:39 [ERROR]: Disconnected from Twitch: Connection closed.
2025-03-13 23:41:39 [ERROR]: Disconnected from Twitch: Connection closed.
2025-03-13 23:42:39 [ERROR]: Disconnected from Twitch: Connection closed.
2025-03-13 23:42:39 [ERROR]: Disconnected from Twitch: Connection closed.
2025-03-13 23:42:53 [ERROR]: Disconnected from Twitch: Connection closed.
2025-03-13 23:42:53 [ERROR]: Disconnected from Twitch: Connection closed.
2025-03-13 23:44:01 [ERROR]: Disconnected from Twitch: Connection closed.
2025-03-13 23:44:01 [ERROR]: Disconnected from Twitch: Connection closed.
2025-03-13 23:45:01 [ERROR]: Disconnected from Twitch: Connection closed.
2025-03-13 23:45:01 [ERROR]: Disconnected from Twitch: Connection closed.
2025-03-13 23:46:02 [ERROR]: Disconnected from Twitch: Connection closed.
2025-03-13 23:46:02 [ERROR]: Disconnected from Twitch: Connection closed.
2025-03-13 23:47:00 [ERROR]: Disconnected from Twitch: Connection closed.
2025-03-13 23:47:00 [ERROR]: Disconnected from Twitch: Connection closed.
2025-03-13 23:59:39 [ERROR]: Disconnected from Twitch: Connection closed.
2025-03-13 23:59:39 [ERROR]: Disconnected from Twitch: Connection closed.
2025-03-14 00:08:55 [ERROR]: Disconnected from Twitch: Connection closed.
2025-03-14 00:08:55 [ERROR]: Disconnected from Twitch: Connection closed.
2025-03-14 00:11:05 [ERROR]: Disconnected from Twitch: Connection closed.
2025-03-14 00:11:05 [ERROR]: Disconnected from Twitch: Connection closed.
2025-03-14 00:14:59 [ERROR]: Disconnected from Twitch: Connection closed.
2025-03-14 00:14:59 [ERROR]: Disconnected from Twitch: Connection closed.
2025-03-14 00:20:14 [ERROR]: Disconnected from Twitch: Connection closed.
2025-03-14 00:20:14 [ERROR]: Disconnected from Twitch: Connection closed.
2025-03-14 10:46:51 [ERROR]: Disconnected from Twitch: Connection closed.
2025-03-14 10:46:51 [ERROR]: Disconnected from Twitch: Connection closed.
2025-03-14 10:49:59 [ERROR]: Disconnected from Twitch: Connection closed.
2025-03-14 10:50:11 [ERROR]: Disconnected from Twitch: Connection closed.
2025-03-14 10:50:11 [ERROR]: Disconnected from Twitch: Connection closed.
2025-03-14 10:50:24 [ERROR]: Disconnected from Twitch: Connection closed.
2025-03-14 10:50:24 [ERROR]: Disconnected from Twitch: Connection closed.
2025-03-14 10:50:40 [ERROR]: Disconnected from Twitch: Connection closed.
2025-03-14 11:00:24 [ERROR]: Disconnected from Twitch: Connection closed.
2025-03-14 11:17:32 [ERROR]: Disconnected from Twitch: Connection closed.
2025-03-14 11:17:32 [ERROR]: Disconnected from Twitch: Connection closed.
2025-03-14 12:28:11 [ERROR]: Disconnected from Twitch: Connection closed.
2025-03-14 12:28:11 [ERROR]: Disconnected from Twitch: Connection closed.
2025-03-14 12:40:53 [ERROR]: Disconnected from Twitch: Connection closed.
2025-03-14 12:40:53 [ERROR]: Disconnected from Twitch: Connection closed.
2025-03-14 12:53:45 [ERROR]: Disconnected from Twitch: Connection closed.
2025-03-14 12:53:45 [ERROR]: Disconnected from Twitch: Connection closed.
2025-03-14 13:03:45 [ERROR]: Disconnected from Twitch: Connection closed.
2025-03-14 13:03:45 [ERROR]: Disconnected from Twitch: Connection closed.
2025-03-14 15:16:59 [ERROR]: Disconnected from Twitch: Connection closed.
2025-03-14 15:16:59 [ERROR]: Disconnected from Twitch: Connection closed.
2025-03-14 15:34:59 [ERROR]: Disconnected from Twitch: Connection closed.
2025-03-14 15:34:59 [ERROR]: Disconnected from Twitch: Connection closed.
2025-03-14 15:52:01 [ERROR]: Disconnected from Twitch: Connection closed.
2025-03-14 15:52:01 [ERROR]: Disconnected from Twitch: Connection closed.
2025-03-14 15:52:50 [ERROR]: Disconnected from Twitch: Connection closed.
2025-03-14 15:52:50 [ERROR]: Disconnected from Twitch: Connection closed.
2025-03-14 16:21:42 [ERROR]: Disconnected from Twitch: 
2025-03-14 16:21:42 [ERROR]: Disconnected from Twitch: 
2025-03-14 20:56:31 [ERROR]: Disconnected from Twitch: 
2025-03-14 20:56:31 [ERROR]: Disconnected from Twitch: 
